[2026-06-16 18:37:59Z INFO HostContext] No proxy settings were found based on environmental variables (http_proxy/https_proxy/HTTP_PROXY/HTTPS_PROXY)
[2026-06-16 18:37:59Z INFO HostContext] Well known directory 'Bin': 'C:\1DREG\OneDrive\PERIMETRALGER\MAESTRIA ARQ SOFT -SABANA\PRIMER SEMESTRE\FUNDDEVOPS\U3\A1\colombia-departamentos-api-V2\actions-runner\bin'
[2026-06-16 18:37:59Z INFO HostContext] Well known directory 'Root': 'C:\1DREG\OneDrive\PERIMETRALGER\MAESTRIA ARQ SOFT -SABANA\PRIMER SEMESTRE\FUNDDEVOPS\U3\A1\colombia-departamentos-api-V2\actions-runner'
[2026-06-16 18:37:59Z INFO HostContext] Well known config file 'Credentials': 'C:\1DREG\OneDrive\PERIMETRALGER\MAESTRIA ARQ SOFT -SABANA\PRIMER SEMESTRE\FUNDDEVOPS\U3\A1\colombia-departamentos-api-V2\actions-runner\.credentials'
[2026-06-16 18:37:59Z INFO HostContext] Well known directory 'Bin': 'C:\1DREG\OneDrive\PERIMETRALGER\MAESTRIA ARQ SOFT -SABANA\PRIMER SEMESTRE\FUNDDEVOPS\U3\A1\colombia-departamentos-api-V2\actions-runner\bin'
[2026-06-16 18:37:59Z INFO HostContext] Well known directory 'Root': 'C:\1DREG\OneDrive\PERIMETRALGER\MAESTRIA ARQ SOFT -SABANA\PRIMER SEMESTRE\FUNDDEVOPS\U3\A1\colombia-departamentos-api-V2\actions-runner'
[2026-06-16 18:37:59Z INFO HostContext] Well known config file 'Runner': 'C:\1DREG\OneDrive\PERIMETRALGER\MAESTRIA ARQ SOFT -SABANA\PRIMER SEMESTRE\FUNDDEVOPS\U3\A1\colombia-departamentos-api-V2\actions-runner\.runner'
[2026-06-16 18:37:59Z INFO Listener] Runner is built for Windows (X64) - win-x64.
[2026-06-16 18:37:59Z INFO Listener] RuntimeInformation: Microsoft Windows 10.0.26200.
[2026-06-16 18:37:59Z INFO Listener] Version: 2.335.1
[2026-06-16 18:37:59Z INFO Listener] Commit: 7d737449ef346f6524f75688d0c9c95fa10ba10a
[2026-06-16 18:37:59Z INFO Listener] Culture: es-CO
[2026-06-16 18:37:59Z INFO Listener] UI Culture: es-MX
[2026-06-16 18:37:59Z INFO HostContext] Well known directory 'Bin': 'C:\1DREG\OneDrive\PERIMETRALGER\MAESTRIA ARQ SOFT -SABANA\PRIMER SEMESTRE\FUNDDEVOPS\U3\A1\colombia-departamentos-api-V2\actions-runner\bin'
[2026-06-16 18:37:59Z INFO HostContext] Well known directory 'Root': 'C:\1DREG\OneDrive\PERIMETRALGER\MAESTRIA ARQ SOFT -SABANA\PRIMER SEMESTRE\FUNDDEVOPS\U3\A1\colombia-departamentos-api-V2\actions-runner'
[2026-06-16 18:37:59Z INFO Listener] Validating directory permissions for: 'C:\1DREG\OneDrive\PERIMETRALGER\MAESTRIA ARQ SOFT -SABANA\PRIMER SEMESTRE\FUNDDEVOPS\U3\A1\colombia-departamentos-api-V2\actions-runner'
[2026-06-16 18:37:59Z INFO CommandLineParser] Parse
[2026-06-16 18:37:59Z INFO CommandLineParser] Parsing 5 args
[2026-06-16 18:37:59Z INFO CommandLineParser] parsing argument
[2026-06-16 18:37:59Z INFO CommandLineParser] HasArgs: False
[2026-06-16 18:37:59Z INFO CommandLineParser] Adding Command: configure
[2026-06-16 18:37:59Z INFO CommandLineParser] parsing argument
[2026-06-16 18:37:59Z INFO CommandLineParser] HasArgs: True
[2026-06-16 18:37:59Z INFO CommandLineParser] arg: url
[2026-06-16 18:37:59Z INFO CommandLineParser] parsing argument
[2026-06-16 18:37:59Z INFO CommandLineParser] HasArgs: True
[2026-06-16 18:37:59Z INFO CommandLineParser] Adding option 'url': 'https://github.com/romergi1/colombia-departamentos-api-V2'
[2026-06-16 18:37:59Z INFO CommandLineParser] parsing argument
[2026-06-16 18:37:59Z INFO CommandLineParser] HasArgs: True
[2026-06-16 18:37:59Z INFO CommandLineParser] arg: token
[2026-06-16 18:37:59Z INFO CommandLineParser] parsing argument
[2026-06-16 18:37:59Z INFO CommandLineParser] HasArgs: True
[2026-06-16 18:37:59Z INFO CommandLineParser] Adding option 'token': '***'
[2026-06-16 18:37:59Z INFO Listener] Arguments parsed
[2026-06-16 18:37:59Z INFO Runner] ExecuteCommand
[2026-06-16 18:37:59Z INFO ConfigurationStore] currentAssemblyLocation: C:\1DREG\OneDrive\PERIMETRALGER\MAESTRIA ARQ SOFT -SABANA\PRIMER SEMESTRE\FUNDDEVOPS\U3\A1\colombia-departamentos-api-V2\actions-runner\bin\Runner.Listener.dll
[2026-06-16 18:37:59Z INFO HostContext] Well known directory 'Bin': 'C:\1DREG\OneDrive\PERIMETRALGER\MAESTRIA ARQ SOFT -SABANA\PRIMER SEMESTRE\FUNDDEVOPS\U3\A1\colombia-departamentos-api-V2\actions-runner\bin'
[2026-06-16 18:37:59Z INFO ConfigurationStore] binPath: C:\1DREG\OneDrive\PERIMETRALGER\MAESTRIA ARQ SOFT -SABANA\PRIMER SEMESTRE\FUNDDEVOPS\U3\A1\colombia-departamentos-api-V2\actions-runner\bin
[2026-06-16 18:37:59Z INFO HostContext] Well known directory 'Bin': 'C:\1DREG\OneDrive\PERIMETRALGER\MAESTRIA ARQ SOFT -SABANA\PRIMER SEMESTRE\FUNDDEVOPS\U3\A1\colombia-departamentos-api-V2\actions-runner\bin'
[2026-06-16 18:37:59Z INFO HostContext] Well known directory 'Root': 'C:\1DREG\OneDrive\PERIMETRALGER\MAESTRIA ARQ SOFT -SABANA\PRIMER SEMESTRE\FUNDDEVOPS\U3\A1\colombia-departamentos-api-V2\actions-runner'
[2026-06-16 18:37:59Z INFO ConfigurationStore] RootFolder: C:\1DREG\OneDrive\PERIMETRALGER\MAESTRIA ARQ SOFT -SABANA\PRIMER SEMESTRE\FUNDDEVOPS\U3\A1\colombia-departamentos-api-V2\actions-runner
[2026-06-16 18:37:59Z INFO HostContext] Well known directory 'Bin': 'C:\1DREG\OneDrive\PERIMETRALGER\MAESTRIA ARQ SOFT -SABANA\PRIMER SEMESTRE\FUNDDEVOPS\U3\A1\colombia-departamentos-api-V2\actions-runner\bin'
[2026-06-16 18:37:59Z INFO HostContext] Well known directory 'Root': 'C:\1DREG\OneDrive\PERIMETRALGER\MAESTRIA ARQ SOFT -SABANA\PRIMER SEMESTRE\FUNDDEVOPS\U3\A1\colombia-departamentos-api-V2\actions-runner'
[2026-06-16 18:37:59Z INFO HostContext] Well known config file 'Runner': 'C:\1DREG\OneDrive\PERIMETRALGER\MAESTRIA ARQ SOFT -SABANA\PRIMER SEMESTRE\FUNDDEVOPS\U3\A1\colombia-departamentos-api-V2\actions-runner\.runner'
[2026-06-16 18:37:59Z INFO ConfigurationStore] ConfigFilePath: C:\1DREG\OneDrive\PERIMETRALGER\MAESTRIA ARQ SOFT -SABANA\PRIMER SEMESTRE\FUNDDEVOPS\U3\A1\colombia-departamentos-api-V2\actions-runner\.runner
[2026-06-16 18:37:59Z INFO HostContext] Well known directory 'Bin': 'C:\1DREG\OneDrive\PERIMETRALGER\MAESTRIA ARQ SOFT -SABANA\PRIMER SEMESTRE\FUNDDEVOPS\U3\A1\colombia-departamentos-api-V2\actions-runner\bin'
[2026-06-16 18:37:59Z INFO HostContext] Well known directory 'Root': 'C:\1DREG\OneDrive\PERIMETRALGER\MAESTRIA ARQ SOFT -SABANA\PRIMER SEMESTRE\FUNDDEVOPS\U3\A1\colombia-departamentos-api-V2\actions-runner'
[2026-06-16 18:37:59Z INFO HostContext] Well known config file 'MigratedRunner': 'C:\1DREG\OneDrive\PERIMETRALGER\MAESTRIA ARQ SOFT -SABANA\PRIMER SEMESTRE\FUNDDEVOPS\U3\A1\colombia-departamentos-api-V2\actions-runner\.runner_migrated'
[2026-06-16 18:37:59Z INFO ConfigurationStore] MigratedConfigFilePath: C:\1DREG\OneDrive\PERIMETRALGER\MAESTRIA ARQ SOFT -SABANA\PRIMER SEMESTRE\FUNDDEVOPS\U3\A1\colombia-departamentos-api-V2\actions-runner\.runner_migrated
[2026-06-16 18:37:59Z INFO HostContext] Well known directory 'Bin': 'C:\1DREG\OneDrive\PERIMETRALGER\MAESTRIA ARQ SOFT -SABANA\PRIMER SEMESTRE\FUNDDEVOPS\U3\A1\colombia-departamentos-api-V2\actions-runner\bin'
[2026-06-16 18:37:59Z INFO HostContext] Well known directory 'Root': 'C:\1DREG\OneDrive\PERIMETRALGER\MAESTRIA ARQ SOFT -SABANA\PRIMER SEMESTRE\FUNDDEVOPS\U3\A1\colombia-departamentos-api-V2\actions-runner'
[2026-06-16 18:37:59Z INFO HostContext] Well known config file 'Credentials': 'C:\1DREG\OneDrive\PERIMETRALGER\MAESTRIA ARQ SOFT -SABANA\PRIMER SEMESTRE\FUNDDEVOPS\U3\A1\colombia-departamentos-api-V2\actions-runner\.credentials'
[2026-06-16 18:37:59Z INFO ConfigurationStore] CredFilePath: C:\1DREG\OneDrive\PERIMETRALGER\MAESTRIA ARQ SOFT -SABANA\PRIMER SEMESTRE\FUNDDEVOPS\U3\A1\colombia-departamentos-api-V2\actions-runner\.credentials
[2026-06-16 18:37:59Z INFO HostContext] Well known directory 'Bin': 'C:\1DREG\OneDrive\PERIMETRALGER\MAESTRIA ARQ SOFT -SABANA\PRIMER SEMESTRE\FUNDDEVOPS\U3\A1\colombia-departamentos-api-V2\actions-runner\bin'
[2026-06-16 18:37:59Z INFO HostContext] Well known directory 'Root': 'C:\1DREG\OneDrive\PERIMETRALGER\MAESTRIA ARQ SOFT -SABANA\PRIMER SEMESTRE\FUNDDEVOPS\U3\A1\colombia-departamentos-api-V2\actions-runner'
[2026-06-16 18:37:59Z INFO HostContext] Well known config file 'MigratedCredentials': 'C:\1DREG\OneDrive\PERIMETRALGER\MAESTRIA ARQ SOFT -SABANA\PRIMER SEMESTRE\FUNDDEVOPS\U3\A1\colombia-departamentos-api-V2\actions-runner\.credentials_migrated'
[2026-06-16 18:37:59Z INFO ConfigurationStore] MigratedCredFilePath: C:\1DREG\OneDrive\PERIMETRALGER\MAESTRIA ARQ SOFT -SABANA\PRIMER SEMESTRE\FUNDDEVOPS\U3\A1\colombia-departamentos-api-V2\actions-runner\.credentials_migrated
[2026-06-16 18:37:59Z INFO HostContext] Well known directory 'Bin': 'C:\1DREG\OneDrive\PERIMETRALGER\MAESTRIA ARQ SOFT -SABANA\PRIMER SEMESTRE\FUNDDEVOPS\U3\A1\colombia-departamentos-api-V2\actions-runner\bin'
[2026-06-16 18:37:59Z INFO HostContext] Well known directory 'Root': 'C:\1DREG\OneDrive\PERIMETRALGER\MAESTRIA ARQ SOFT -SABANA\PRIMER SEMESTRE\FUNDDEVOPS\U3\A1\colombia-departamentos-api-V2\actions-runner'
[2026-06-16 18:37:59Z INFO HostContext] Well known config file 'Service': 'C:\1DREG\OneDrive\PERIMETRALGER\MAESTRIA ARQ SOFT -SABANA\PRIMER SEMESTRE\FUNDDEVOPS\U3\A1\colombia-departamentos-api-V2\actions-runner\.service'
[2026-06-16 18:37:59Z INFO ConfigurationStore] ServiceConfigFilePath: C:\1DREG\OneDrive\PERIMETRALGER\MAESTRIA ARQ SOFT -SABANA\PRIMER SEMESTRE\FUNDDEVOPS\U3\A1\colombia-departamentos-api-V2\actions-runner\.service
[2026-06-16 18:37:59Z INFO CommandSettings] Flag 'help': 'False'
[2026-06-16 18:37:59Z INFO CommandSettings] Flag 'version': 'False'
[2026-06-16 18:37:59Z INFO CommandSettings] Flag 'commit': 'False'
[2026-06-16 18:37:59Z INFO CommandSettings] Flag 'check': 'False'
[2026-06-16 18:37:59Z INFO CommandSettings] Command 'configure': 'True'
[2026-06-16 18:37:59Z INFO Terminal] WRITE LINE: 
[2026-06-16 18:37:59Z INFO Terminal] WRITE LINE: --------------------------------------------------------------------------------
[2026-06-16 18:37:59Z INFO Terminal] WRITE LINE: |        ____ _ _   _   _       _          _        _   _                      |
[2026-06-16 18:37:59Z INFO Terminal] WRITE LINE: |       / ___(_) |_| | | |_   _| |__      / \   ___| |_(_) ___  _ __  ___      |
[2026-06-16 18:37:59Z INFO Terminal] WRITE LINE: |      | |  _| | __| |_| | | | | '_ \    / _ \ / __| __| |/ _ \| '_ \/ __|     |
[2026-06-16 18:37:59Z INFO Terminal] WRITE LINE: |      | |_| | | |_|  _  | |_| | |_) |  / ___ \ (__| |_| | (_) | | | \__ \     |
[2026-06-16 18:37:59Z INFO Terminal] WRITE LINE: |       \____|_|\__|_| |_|\__,_|_.__/  /_/   \_\___|\__|_|\___/|_| |_|___/     |
[2026-06-16 18:37:59Z INFO Terminal] WRITE LINE: |                                                                              |
[2026-06-16 18:37:59Z INFO Terminal] WRITE: |                       
[2026-06-16 18:37:59Z INFO Terminal] WRITE: Self-hosted runner registration
[2026-06-16 18:37:59Z INFO Terminal] WRITE LINE:                         |
[2026-06-16 18:37:59Z INFO Terminal] WRITE LINE: |                                                                              |
[2026-06-16 18:37:59Z INFO Terminal] WRITE LINE: --------------------------------------------------------------------------------
[2026-06-16 18:37:59Z INFO ConfigurationManager] ConfigureAsync
[2026-06-16 18:37:59Z INFO CommandSettings] Flag 'generateServiceConfig': 'False'
[2026-06-16 18:37:59Z INFO ConfigurationStore] IsConfigured()
[2026-06-16 18:37:59Z INFO ConfigurationStore] IsConfigured: False
[2026-06-16 18:37:59Z INFO ConfigurationManager] Is configured: False
[2026-06-16 18:37:59Z INFO CommandSettings] Arg 'url': 'https://github.com/romergi1/colombia-departamentos-api-V2'
[2026-06-16 18:37:59Z INFO CommandSettings] Remove url from Arg dictionary.
[2026-06-16 18:37:59Z INFO CommandSettings] Arg 'token': '***'
[2026-06-16 18:37:59Z INFO CommandSettings] Remove token from Arg dictionary.
[2026-06-16 18:38:00Z INFO ConfigurationManager] Http response code: OK from 'POST https://api.github.com/actions/runner-registration' (F6E8:534BF:20973E9:7B980F1:6A319807)
[2026-06-16 18:38:00Z INFO ConfigurationManager] Using runner-admin flow: False
[2026-06-16 18:38:00Z INFO ConfigurationManager] cred retrieved via GitHub auth
[2026-06-16 18:38:00Z INFO RunnerServer] EstablishVssConnection
[2026-06-16 18:38:00Z INFO RunnerServer] Establish connection with 100 seconds timeout.
[2026-06-16 18:38:00Z INFO GitHubActionsService] Starting operation Location.GetConnectionData
[2026-06-16 18:38:00Z INFO RunnerServer] EstablishVssConnection
[2026-06-16 18:38:00Z INFO RunnerServer] Establish connection with 60 seconds timeout.
[2026-06-16 18:38:00Z INFO GitHubActionsService] Starting operation Location.GetConnectionData
[2026-06-16 18:38:00Z INFO RunnerServer] EstablishVssConnection
[2026-06-16 18:38:00Z INFO RunnerServer] Establish connection with 60 seconds timeout.
[2026-06-16 18:38:00Z INFO GitHubActionsService] Starting operation Location.GetConnectionData
[2026-06-16 18:38:00Z INFO GitHubActionsService] Finished operation Location.GetConnectionData
[2026-06-16 18:38:00Z INFO GitHubActionsService] Finished operation Location.GetConnectionData
[2026-06-16 18:38:00Z INFO GitHubActionsService] Finished operation Location.GetConnectionData
[2026-06-16 18:38:00Z INFO Terminal] WRITE LINE: 
[2026-06-16 18:38:00Z INFO ConfigurationManager] Test Connection complete.
[2026-06-16 18:38:00Z INFO HostContext] Well known directory 'Bin': 'C:\1DREG\OneDrive\PERIMETRALGER\MAESTRIA ARQ SOFT -SABANA\PRIMER SEMESTRE\FUNDDEVOPS\U3\A1\colombia-departamentos-api-V2\actions-runner\bin'
[2026-06-16 18:38:00Z INFO HostContext] Well known directory 'Root': 'C:\1DREG\OneDrive\PERIMETRALGER\MAESTRIA ARQ SOFT -SABANA\PRIMER SEMESTRE\FUNDDEVOPS\U3\A1\colombia-departamentos-api-V2\actions-runner'
[2026-06-16 18:38:00Z INFO HostContext] Well known config file 'RSACredentials': 'C:\1DREG\OneDrive\PERIMETRALGER\MAESTRIA ARQ SOFT -SABANA\PRIMER SEMESTRE\FUNDDEVOPS\U3\A1\colombia-departamentos-api-V2\actions-runner\.credentials_rsaparams'
[2026-06-16 18:38:00Z INFO RSAEncryptedFileKeyManager] Creating new RSA key using 2048-bit key length
[2026-06-16 18:38:01Z INFO RSAEncryptedFileKeyManager] Successfully saved RSA key parameters to file C:\1DREG\OneDrive\PERIMETRALGER\MAESTRIA ARQ SOFT -SABANA\PRIMER SEMESTRE\FUNDDEVOPS\U3\A1\colombia-departamentos-api-V2\actions-runner\.credentials_rsaparams
[2026-06-16 18:38:01Z INFO CommandSettings] Arg 'runnergroup': ''
[2026-06-16 18:38:01Z INFO CommandSettings] Flag 'unattended': 'False'
[2026-06-16 18:38:01Z INFO PromptManager] ReadValue
[2026-06-16 18:38:01Z INFO Terminal] WRITE: Enter the name of the runner group to add this runner to: 
[2026-06-16 18:38:01Z INFO Terminal] WRITE: [press Enter for Default] 
[2026-06-16 18:38:01Z INFO Terminal] READ LINE
[2026-06-16 18:38:28Z INFO Terminal] Read value: './run.cmd'
[2026-06-16 18:38:28Z INFO Terminal] WRITE LINE: 
[2026-06-16 18:38:28Z ERR  Runner] GitHub.DistributedTask.WebApi.TaskAgentPoolNotFoundException: Could not find any self-hosted runner group named "./run.cmd".
   at GitHub.Runner.Listener.Configuration.ConfigurationManager.ConfigureAsync(CommandSettings command)
   at GitHub.Runner.Listener.Runner.ExecuteCommand(CommandSettings command)
[2026-06-16 18:38:28Z ERR  Terminal] WRITE ERROR: Could not find any self-hosted runner group named "./run.cmd".
[2026-06-16 18:38:28Z INFO Listener] Runner execution has finished with return code 1
